   0  $accept : programa $end

   1  programa : sent_declarativa sent_ejecutable

   2  sent_declarativa : sent_declarativa declaracion
   3                   |

   4  declaracion : tipo_dato lista_variables ';'
   5              | IDENTIFICADOR '[' ENTERO PUNTO_PUNTO ENTERO ']' PR_VECTOR PR_DE tipo_dato ';'
   6              | declaracion_invalida

   7  declaracion_invalida : tipo_dato error ';'

   8  $$1 :

   9  declaracion_invalida : IDENTIFICADOR '[' error ']' $$1 PR_VECTOR PR_DE tipo_dato ';'
  10                       | IDENTIFICADOR '[' ENTERO PUNTO_PUNTO ENTERO ']' error ';'

  11  lista_variables : IDENTIFICADOR
  12                  | lista_variables ',' IDENTIFICADOR

  13  tipo_dato : PR_ENTERO
  14            | PR_ENTERO_LSS

  15  sent_ejecutable : sentencia_valida
  16                  | sent_ejecutable sentencia

  17  $$2 :

  18  sentencia_valida : $$2 seleccion

  19  $$3 :

  20  sentencia_valida : $$3 iteracion

  21  $$4 :

  22  sentencia_valida : $$4 impresion
  23                   | asignacion
  24                   | PR_SINO bloque
  25                   | error ';'

  26  sentencia : sentencia_valida
  27            | declaracion

  28  seleccion : PR_SI '(' condicion ')' PR_ENTONCES bloque
  29            | PR_SI '(' condicion ')' PR_ENTONCES bloque PR_SINO bloque
  30            | seleccion_invalida

  31  $$5 :

  32  seleccion_invalida : PR_SI $$5 condicion ')' PR_ENTONCES bloque

  33  $$6 :

  34  seleccion_invalida : PR_SI '(' condicion $$6 PR_ENTONCES bloque

  35  $$7 :

  36  seleccion_invalida : PR_SI '(' error ')' $$7 PR_ENTONCES bloque
  37                     | PR_SI '(' condicion ')' error bloque
  38                     | PR_SI error bloque

  39  iteracion : PR_ITERAR bloque PR_HASTA condicion ';'
  40            | iteracion_invalida

  41  $$8 :

  42  iteracion_invalida : PR_ITERAR $$8 PR_HASTA condicion ';'
  43                     | PR_ITERAR bloque condicion ';'
  44                     | PR_ITERAR bloque PR_HASTA error ';'

  45  impresion : PR_IMPRIMIR '(' CADENA_MULTILINEA ')' ';'
  46            | impresion_invalida

  47  $$9 :

  48  impresion_invalida : PR_IMPRIMIR $$9 CADENA_MULTILINEA error ';'

  49  $$10 :

  50  impresion_invalida : PR_IMPRIMIR '(' ')' $$10 ';'

  51  $$11 :

  52  impresion_invalida : PR_IMPRIMIR '(' CADENA_MULTILINEA $$11 ';'
  53                     | PR_IMPRIMIR '(' error ')' ';'
  54                     | PR_IMPRIMIR ';'

  55  asignacion : asignable ASIGNACION e ';'
  56             | asignacion_invalida

  57  asignacion_invalida : asignable ASIGNACION error ';'
  58                      | ASIGNACION error ';'

  59  bloque : sentencia
  60         | '{' sent_ejecutable '}'

  61  $$12 :

  62  bloque : '{' declaracion $$12 sent_declarativa sent_ejecutable '}'
  63         | '{' '}'

  64  condicion : e comparador e

  65  comparador : '>'
  66             | COMP_MAYOR_IGUAL
  67             | '<'
  68             | COMP_MENOR_IGUAL
  69             | '='
  70             | COMP_DISTINTO

  71  e : e '+' t
  72    | e '-' t
  73    | t

  74  t : t '*' f
  75    | t '/' f
  76    | f

  77  f : valor
  78    | '-' ENTERO
  79    | '-' ENTERO_LSS
  80    | FUERA_RANGO

  81  valor : asignable
  82        | ENTERO
  83        | ENTERO_LSS

  84  asignable : IDENTIFICADOR
  85            | IDENTIFICADOR '[' e ']'

state 0
	$accept : . programa $end  (0)
	sent_declarativa : .  (3)

	.  reduce 3

	programa  goto 1
	sent_declarativa  goto 2


state 1
	$accept : programa . $end  (0)

	$end  accept


state 2
	programa : sent_declarativa . sent_ejecutable  (1)
	sent_declarativa : sent_declarativa . declaracion  (2)
	$$2 : .  (17)
	$$3 : .  (19)
	$$4 : .  (21)

	error  shift 3
	IDENTIFICADOR  shift 4
	PR_SINO  shift 5
	PR_ENTERO  shift 6
	PR_ENTERO_LSS  shift 7
	ASIGNACION  shift 8
	PR_SI  reduce 17
	PR_IMPRIMIR  reduce 21
	PR_ITERAR  reduce 19

	sent_ejecutable  goto 9
	declaracion  goto 10
	tipo_dato  goto 11
	declaracion_invalida  goto 12
	sentencia_valida  goto 13
	$$2  goto 14
	$$3  goto 15
	$$4  goto 16
	asignacion  goto 17
	asignable  goto 18
	asignacion_invalida  goto 19


state 3
	sentencia_valida : error . ';'  (25)

	';'  shift 20
	.  error


state 4
	declaracion : IDENTIFICADOR . '[' ENTERO PUNTO_PUNTO ENTERO ']' PR_VECTOR PR_DE tipo_dato ';'  (5)
	declaracion_invalida : IDENTIFICADOR . '[' error ']' $$1 PR_VECTOR PR_DE tipo_dato ';'  (9)
	declaracion_invalida : IDENTIFICADOR . '[' ENTERO PUNTO_PUNTO ENTERO ']' error ';'  (10)
	asignable : IDENTIFICADOR .  (84)
	asignable : IDENTIFICADOR . '[' e ']'  (85)

	'['  shift 21
	ASIGNACION  reduce 84


state 5
	sentencia_valida : PR_SINO . bloque  (24)
	$$2 : .  (17)
	$$3 : .  (19)
	$$4 : .  (21)

	error  shift 3
	IDENTIFICADOR  shift 4
	PR_SINO  shift 5
	PR_ENTERO  shift 6
	PR_ENTERO_LSS  shift 7
	ASIGNACION  shift 8
	'{'  shift 22
	PR_SI  reduce 17
	PR_IMPRIMIR  reduce 21
	PR_ITERAR  reduce 19

	declaracion  goto 23
	tipo_dato  goto 11
	declaracion_invalida  goto 12
	sentencia_valida  goto 24
	sentencia  goto 25
	$$2  goto 14
	$$3  goto 15
	$$4  goto 16
	asignacion  goto 17
	bloque  goto 26
	asignable  goto 18
	asignacion_invalida  goto 19


state 6
	tipo_dato : PR_ENTERO .  (13)

	.  reduce 13


state 7
	tipo_dato : PR_ENTERO_LSS .  (14)

	.  reduce 14


state 8
	asignacion_invalida : ASIGNACION . error ';'  (58)

	error  shift 27
	.  error


state 9
	programa : sent_declarativa sent_ejecutable .  (1)
	sent_ejecutable : sent_ejecutable . sentencia  (16)
	$$2 : .  (17)
	$$3 : .  (19)
	$$4 : .  (21)

	error  shift 3
	IDENTIFICADOR  shift 4
	PR_SINO  shift 5
	PR_ENTERO  shift 6
	PR_ENTERO_LSS  shift 7
	ASIGNACION  shift 8
	$end  reduce 1
	PR_SI  reduce 17
	PR_IMPRIMIR  reduce 21
	PR_ITERAR  reduce 19

	declaracion  goto 23
	tipo_dato  goto 11
	declaracion_invalida  goto 12
	sentencia_valida  goto 24
	sentencia  goto 28
	$$2  goto 14
	$$3  goto 15
	$$4  goto 16
	asignacion  goto 17
	asignable  goto 18
	asignacion_invalida  goto 19


state 10
	sent_declarativa : sent_declarativa declaracion .  (2)

	.  reduce 2


state 11
	declaracion : tipo_dato . lista_variables ';'  (4)
	declaracion_invalida : tipo_dato . error ';'  (7)

	error  shift 29
	IDENTIFICADOR  shift 30
	.  error

	lista_variables  goto 31


state 12
	declaracion : declaracion_invalida .  (6)

	.  reduce 6


state 13
	sent_ejecutable : sentencia_valida .  (15)

	.  reduce 15


state 14
	sentencia_valida : $$2 . seleccion  (18)

	PR_SI  shift 32
	.  error

	seleccion  goto 33
	seleccion_invalida  goto 34


state 15
	sentencia_valida : $$3 . iteracion  (20)

	PR_ITERAR  shift 35
	.  error

	iteracion  goto 36
	iteracion_invalida  goto 37


state 16
	sentencia_valida : $$4 . impresion  (22)

	PR_IMPRIMIR  shift 38
	.  error

	impresion  goto 39
	impresion_invalida  goto 40


state 17
	sentencia_valida : asignacion .  (23)

	.  reduce 23


state 18
	asignacion : asignable . ASIGNACION e ';'  (55)
	asignacion_invalida : asignable . ASIGNACION error ';'  (57)

	ASIGNACION  shift 41
	.  error


state 19
	asignacion : asignacion_invalida .  (56)

	.  reduce 56


state 20
	sentencia_valida : error ';' .  (25)

	.  reduce 25


state 21
	declaracion : IDENTIFICADOR '[' . ENTERO PUNTO_PUNTO ENTERO ']' PR_VECTOR PR_DE tipo_dato ';'  (5)
	declaracion_invalida : IDENTIFICADOR '[' . error ']' $$1 PR_VECTOR PR_DE tipo_dato ';'  (9)
	declaracion_invalida : IDENTIFICADOR '[' . ENTERO PUNTO_PUNTO ENTERO ']' error ';'  (10)
	asignable : IDENTIFICADOR '[' . e ']'  (85)

	error  shift 42
	IDENTIFICADOR  shift 43
	ENTERO  shift 44
	ENTERO_LSS  shift 45
	FUERA_RANGO  shift 46
	'-'  shift 47
	.  error

	asignable  goto 48
	e  goto 49
	t  goto 50
	f  goto 51
	valor  goto 52


state 22
	bloque : '{' . sent_ejecutable '}'  (60)
	bloque : '{' . declaracion $$12 sent_declarativa sent_ejecutable '}'  (62)
	bloque : '{' . '}'  (63)
	$$2 : .  (17)
	$$3 : .  (19)
	$$4 : .  (21)

	error  shift 3
	IDENTIFICADOR  shift 4
	PR_SINO  shift 5
	PR_ENTERO  shift 6
	PR_ENTERO_LSS  shift 7
	ASIGNACION  shift 8
	'}'  shift 53
	PR_SI  reduce 17
	PR_IMPRIMIR  reduce 21
	PR_ITERAR  reduce 19

	sent_ejecutable  goto 54
	declaracion  goto 55
	tipo_dato  goto 11
	declaracion_invalida  goto 12
	sentencia_valida  goto 13
	$$2  goto 14
	$$3  goto 15
	$$4  goto 16
	asignacion  goto 17
	asignable  goto 18
	asignacion_invalida  goto 19


state 23
	sentencia : declaracion .  (27)

	.  reduce 27


state 24
	sentencia : sentencia_valida .  (26)

	.  reduce 26


state 25
	bloque : sentencia .  (59)

	.  reduce 59


state 26
	sentencia_valida : PR_SINO bloque .  (24)

	.  reduce 24


state 27
	asignacion_invalida : ASIGNACION error . ';'  (58)

	';'  shift 56
	.  error


state 28
	sent_ejecutable : sent_ejecutable sentencia .  (16)

	.  reduce 16


state 29
	declaracion_invalida : tipo_dato error . ';'  (7)

	';'  shift 57
	.  error


state 30
	lista_variables : IDENTIFICADOR .  (11)

	.  reduce 11


state 31
	declaracion : tipo_dato lista_variables . ';'  (4)
	lista_variables : lista_variables . ',' IDENTIFICADOR  (12)

	';'  shift 58
	','  shift 59
	.  error


state 32
	seleccion : PR_SI . '(' condicion ')' PR_ENTONCES bloque  (28)
	seleccion : PR_SI . '(' condicion ')' PR_ENTONCES bloque PR_SINO bloque  (29)
	seleccion_invalida : PR_SI . $$5 condicion ')' PR_ENTONCES bloque  (32)
	seleccion_invalida : PR_SI . '(' condicion $$6 PR_ENTONCES bloque  (34)
	seleccion_invalida : PR_SI . '(' error ')' $$7 PR_ENTONCES bloque  (36)
	seleccion_invalida : PR_SI . '(' condicion ')' error bloque  (37)
	seleccion_invalida : PR_SI . error bloque  (38)
	$$5 : .  (31)

	error  shift 60
	'('  shift 61
	IDENTIFICADOR  reduce 31
	ENTERO  reduce 31
	ENTERO_LSS  reduce 31
	FUERA_RANGO  reduce 31
	'-'  reduce 31

	$$5  goto 62


state 33
	sentencia_valida : $$2 seleccion .  (18)

	.  reduce 18


state 34
	seleccion : seleccion_invalida .  (30)

	.  reduce 30


state 35
	iteracion : PR_ITERAR . bloque PR_HASTA condicion ';'  (39)
	iteracion_invalida : PR_ITERAR . $$8 PR_HASTA condicion ';'  (42)
	iteracion_invalida : PR_ITERAR . bloque condicion ';'  (43)
	iteracion_invalida : PR_ITERAR . bloque PR_HASTA error ';'  (44)
	$$2 : .  (17)
	$$3 : .  (19)
	$$4 : .  (21)
	$$8 : .  (41)

	error  shift 3
	IDENTIFICADOR  shift 4
	PR_SINO  shift 5
	PR_ENTERO  shift 6
	PR_ENTERO_LSS  shift 7
	ASIGNACION  shift 8
	'{'  shift 22
	PR_SI  reduce 17
	PR_IMPRIMIR  reduce 21
	PR_ITERAR  reduce 19
	PR_HASTA  reduce 41

	declaracion  goto 23
	tipo_dato  goto 11
	declaracion_invalida  goto 12
	sentencia_valida  goto 24
	sentencia  goto 25
	$$2  goto 14
	$$3  goto 15
	$$4  goto 16
	asignacion  goto 17
	bloque  goto 63
	$$8  goto 64
	asignable  goto 18
	asignacion_invalida  goto 19


state 36
	sentencia_valida : $$3 iteracion .  (20)

	.  reduce 20


state 37
	iteracion : iteracion_invalida .  (40)

	.  reduce 40


state 38
	impresion : PR_IMPRIMIR . '(' CADENA_MULTILINEA ')' ';'  (45)
	impresion_invalida : PR_IMPRIMIR . $$9 CADENA_MULTILINEA error ';'  (48)
	impresion_invalida : PR_IMPRIMIR . '(' ')' $$10 ';'  (50)
	impresion_invalida : PR_IMPRIMIR . '(' CADENA_MULTILINEA $$11 ';'  (52)
	impresion_invalida : PR_IMPRIMIR . '(' error ')' ';'  (53)
	impresion_invalida : PR_IMPRIMIR . ';'  (54)
	$$9 : .  (47)

	';'  shift 65
	'('  shift 66
	CADENA_MULTILINEA  reduce 47

	$$9  goto 67


state 39
	sentencia_valida : $$4 impresion .  (22)

	.  reduce 22


state 40
	impresion : impresion_invalida .  (46)

	.  reduce 46


state 41
	asignacion : asignable ASIGNACION . e ';'  (55)
	asignacion_invalida : asignable ASIGNACION . error ';'  (57)

	error  shift 68
	IDENTIFICADOR  shift 43
	ENTERO  shift 69
	ENTERO_LSS  shift 45
	FUERA_RANGO  shift 46
	'-'  shift 47
	.  error

	asignable  goto 48
	e  goto 70
	t  goto 50
	f  goto 51
	valor  goto 52


state 42
	declaracion_invalida : IDENTIFICADOR '[' error . ']' $$1 PR_VECTOR PR_DE tipo_dato ';'  (9)

	']'  shift 71
	.  error


state 43
	asignable : IDENTIFICADOR .  (84)
	asignable : IDENTIFICADOR . '[' e ']'  (85)

	'['  shift 72
	PR_ENTONCES  reduce 84
	COMP_MAYOR_IGUAL  reduce 84
	COMP_MENOR_IGUAL  reduce 84
	COMP_DISTINTO  reduce 84
	';'  reduce 84
	']'  reduce 84
	')'  reduce 84
	'>'  reduce 84
	'<'  reduce 84
	'='  reduce 84
	'+'  reduce 84
	'-'  reduce 84
	'*'  reduce 84
	'/'  reduce 84


state 44
	declaracion : IDENTIFICADOR '[' ENTERO . PUNTO_PUNTO ENTERO ']' PR_VECTOR PR_DE tipo_dato ';'  (5)
	declaracion_invalida : IDENTIFICADOR '[' ENTERO . PUNTO_PUNTO ENTERO ']' error ';'  (10)
	valor : ENTERO .  (82)

	PUNTO_PUNTO  shift 73
	']'  reduce 82
	'+'  reduce 82
	'-'  reduce 82
	'*'  reduce 82
	'/'  reduce 82


state 45
	valor : ENTERO_LSS .  (83)

	.  reduce 83


state 46
	f : FUERA_RANGO .  (80)

	.  reduce 80


state 47
	f : '-' . ENTERO  (78)
	f : '-' . ENTERO_LSS  (79)

	ENTERO  shift 74
	ENTERO_LSS  shift 75
	.  error


state 48
	valor : asignable .  (81)

	.  reduce 81


state 49
	e : e . '+' t  (71)
	e : e . '-' t  (72)
	asignable : IDENTIFICADOR '[' e . ']'  (85)

	']'  shift 76
	'+'  shift 77
	'-'  shift 78
	.  error


state 50
	e : t .  (73)
	t : t . '*' f  (74)
	t : t . '/' f  (75)

	'*'  shift 79
	'/'  shift 80
	PR_ENTONCES  reduce 73
	COMP_MAYOR_IGUAL  reduce 73
	COMP_MENOR_IGUAL  reduce 73
	COMP_DISTINTO  reduce 73
	';'  reduce 73
	']'  reduce 73
	')'  reduce 73
	'>'  reduce 73
	'<'  reduce 73
	'='  reduce 73
	'+'  reduce 73
	'-'  reduce 73


state 51
	t : f .  (76)

	.  reduce 76


state 52
	f : valor .  (77)

	.  reduce 77


state 53
	bloque : '{' '}' .  (63)

	.  reduce 63


state 54
	sent_ejecutable : sent_ejecutable . sentencia  (16)
	bloque : '{' sent_ejecutable . '}'  (60)
	$$2 : .  (17)
	$$3 : .  (19)
	$$4 : .  (21)

	error  shift 3
	IDENTIFICADOR  shift 4
	PR_SINO  shift 5
	PR_ENTERO  shift 6
	PR_ENTERO_LSS  shift 7
	ASIGNACION  shift 8
	'}'  shift 81
	PR_SI  reduce 17
	PR_IMPRIMIR  reduce 21
	PR_ITERAR  reduce 19

	declaracion  goto 23
	tipo_dato  goto 11
	declaracion_invalida  goto 12
	sentencia_valida  goto 24
	sentencia  goto 28
	$$2  goto 14
	$$3  goto 15
	$$4  goto 16
	asignacion  goto 17
	asignable  goto 18
	asignacion_invalida  goto 19


state 55
	bloque : '{' declaracion . $$12 sent_declarativa sent_ejecutable '}'  (62)
	$$12 : .  (61)

	.  reduce 61

	$$12  goto 82


state 56
	asignacion_invalida : ASIGNACION error ';' .  (58)

	.  reduce 58


state 57
	declaracion_invalida : tipo_dato error ';' .  (7)

	.  reduce 7


state 58
	declaracion : tipo_dato lista_variables ';' .  (4)

	.  reduce 4


state 59
	lista_variables : lista_variables ',' . IDENTIFICADOR  (12)

	IDENTIFICADOR  shift 83
	.  error


state 60
	seleccion_invalida : PR_SI error . bloque  (38)
	$$2 : .  (17)
	$$3 : .  (19)
	$$4 : .  (21)

	error  shift 3
	IDENTIFICADOR  shift 4
	PR_SINO  shift 5
	PR_ENTERO  shift 6
	PR_ENTERO_LSS  shift 7
	ASIGNACION  shift 8
	'{'  shift 22
	PR_SI  reduce 17
	PR_IMPRIMIR  reduce 21
	PR_ITERAR  reduce 19

	declaracion  goto 23
	tipo_dato  goto 11
	declaracion_invalida  goto 12
	sentencia_valida  goto 24
	sentencia  goto 25
	$$2  goto 14
	$$3  goto 15
	$$4  goto 16
	asignacion  goto 17
	bloque  goto 84
	asignable  goto 18
	asignacion_invalida  goto 19


state 61
	seleccion : PR_SI '(' . condicion ')' PR_ENTONCES bloque  (28)
	seleccion : PR_SI '(' . condicion ')' PR_ENTONCES bloque PR_SINO bloque  (29)
	seleccion_invalida : PR_SI '(' . condicion $$6 PR_ENTONCES bloque  (34)
	seleccion_invalida : PR_SI '(' . error ')' $$7 PR_ENTONCES bloque  (36)
	seleccion_invalida : PR_SI '(' . condicion ')' error bloque  (37)

	error  shift 85
	IDENTIFICADOR  shift 43
	ENTERO  shift 69
	ENTERO_LSS  shift 45
	FUERA_RANGO  shift 46
	'-'  shift 47
	.  error

	condicion  goto 86
	asignable  goto 48
	e  goto 87
	t  goto 50
	f  goto 51
	valor  goto 52


state 62
	seleccion_invalida : PR_SI $$5 . condicion ')' PR_ENTONCES bloque  (32)

	IDENTIFICADOR  shift 43
	ENTERO  shift 69
	ENTERO_LSS  shift 45
	FUERA_RANGO  shift 46
	'-'  shift 47
	.  error

	condicion  goto 88
	asignable  goto 48
	e  goto 87
	t  goto 50
	f  goto 51
	valor  goto 52


state 63
	iteracion : PR_ITERAR bloque . PR_HASTA condicion ';'  (39)
	iteracion_invalida : PR_ITERAR bloque . condicion ';'  (43)
	iteracion_invalida : PR_ITERAR bloque . PR_HASTA error ';'  (44)

	IDENTIFICADOR  shift 43
	ENTERO  shift 69
	ENTERO_LSS  shift 45
	PR_HASTA  shift 89
	FUERA_RANGO  shift 46
	'-'  shift 47
	.  error

	condicion  goto 90
	asignable  goto 48
	e  goto 87
	t  goto 50
	f  goto 51
	valor  goto 52


state 64
	iteracion_invalida : PR_ITERAR $$8 . PR_HASTA condicion ';'  (42)

	PR_HASTA  shift 91
	.  error


state 65
	impresion_invalida : PR_IMPRIMIR ';' .  (54)

	.  reduce 54


state 66
	impresion : PR_IMPRIMIR '(' . CADENA_MULTILINEA ')' ';'  (45)
	impresion_invalida : PR_IMPRIMIR '(' . ')' $$10 ';'  (50)
	impresion_invalida : PR_IMPRIMIR '(' . CADENA_MULTILINEA $$11 ';'  (52)
	impresion_invalida : PR_IMPRIMIR '(' . error ')' ';'  (53)

	error  shift 92
	CADENA_MULTILINEA  shift 93
	')'  shift 94
	.  error


state 67
	impresion_invalida : PR_IMPRIMIR $$9 . CADENA_MULTILINEA error ';'  (48)

	CADENA_MULTILINEA  shift 95
	.  error


state 68
	asignacion_invalida : asignable ASIGNACION error . ';'  (57)

	';'  shift 96
	.  error


state 69
	valor : ENTERO .  (82)

	.  reduce 82


state 70
	asignacion : asignable ASIGNACION e . ';'  (55)
	e : e . '+' t  (71)
	e : e . '-' t  (72)

	';'  shift 97
	'+'  shift 77
	'-'  shift 78
	.  error


state 71
	declaracion_invalida : IDENTIFICADOR '[' error ']' . $$1 PR_VECTOR PR_DE tipo_dato ';'  (9)
	$$1 : .  (8)

	.  reduce 8

	$$1  goto 98


state 72
	asignable : IDENTIFICADOR '[' . e ']'  (85)

	IDENTIFICADOR  shift 43
	ENTERO  shift 69
	ENTERO_LSS  shift 45
	FUERA_RANGO  shift 46
	'-'  shift 47
	.  error

	asignable  goto 48
	e  goto 49
	t  goto 50
	f  goto 51
	valor  goto 52


state 73
	declaracion : IDENTIFICADOR '[' ENTERO PUNTO_PUNTO . ENTERO ']' PR_VECTOR PR_DE tipo_dato ';'  (5)
	declaracion_invalida : IDENTIFICADOR '[' ENTERO PUNTO_PUNTO . ENTERO ']' error ';'  (10)

	ENTERO  shift 99
	.  error


state 74
	f : '-' ENTERO .  (78)

	.  reduce 78


state 75
	f : '-' ENTERO_LSS .  (79)

	.  reduce 79


state 76
	asignable : IDENTIFICADOR '[' e ']' .  (85)

	.  reduce 85


state 77
	e : e '+' . t  (71)

	IDENTIFICADOR  shift 43
	ENTERO  shift 69
	ENTERO_LSS  shift 45
	FUERA_RANGO  shift 46
	'-'  shift 47
	.  error

	asignable  goto 48
	t  goto 100
	f  goto 51
	valor  goto 52


state 78
	e : e '-' . t  (72)

	IDENTIFICADOR  shift 43
	ENTERO  shift 69
	ENTERO_LSS  shift 45
	FUERA_RANGO  shift 46
	'-'  shift 47
	.  error

	asignable  goto 48
	t  goto 101
	f  goto 51
	valor  goto 52


state 79
	t : t '*' . f  (74)

	IDENTIFICADOR  shift 43
	ENTERO  shift 69
	ENTERO_LSS  shift 45
	FUERA_RANGO  shift 46
	'-'  shift 47
	.  error

	asignable  goto 48
	f  goto 102
	valor  goto 52


state 80
	t : t '/' . f  (75)

	IDENTIFICADOR  shift 43
	ENTERO  shift 69
	ENTERO_LSS  shift 45
	FUERA_RANGO  shift 46
	'-'  shift 47
	.  error

	asignable  goto 48
	f  goto 103
	valor  goto 52


state 81
	bloque : '{' sent_ejecutable '}' .  (60)

	.  reduce 60


state 82
	bloque : '{' declaracion $$12 . sent_declarativa sent_ejecutable '}'  (62)
	sent_declarativa : .  (3)

	.  reduce 3

	sent_declarativa  goto 104


state 83
	lista_variables : lista_variables ',' IDENTIFICADOR .  (12)

	.  reduce 12


state 84
	seleccion_invalida : PR_SI error bloque .  (38)

	.  reduce 38


state 85
	seleccion_invalida : PR_SI '(' error . ')' $$7 PR_ENTONCES bloque  (36)

	')'  shift 105
	.  error


state 86
	seleccion : PR_SI '(' condicion . ')' PR_ENTONCES bloque  (28)
	seleccion : PR_SI '(' condicion . ')' PR_ENTONCES bloque PR_SINO bloque  (29)
	seleccion_invalida : PR_SI '(' condicion . $$6 PR_ENTONCES bloque  (34)
	seleccion_invalida : PR_SI '(' condicion . ')' error bloque  (37)
	$$6 : .  (33)

	')'  shift 106
	PR_ENTONCES  reduce 33

	$$6  goto 107


state 87
	condicion : e . comparador e  (64)
	e : e . '+' t  (71)
	e : e . '-' t  (72)

	COMP_MAYOR_IGUAL  shift 108
	COMP_MENOR_IGUAL  shift 109
	COMP_DISTINTO  shift 110
	'>'  shift 111
	'<'  shift 112
	'='  shift 113
	'+'  shift 77
	'-'  shift 78
	.  error

	comparador  goto 114


state 88
	seleccion_invalida : PR_SI $$5 condicion . ')' PR_ENTONCES bloque  (32)

	')'  shift 115
	.  error


state 89
	iteracion : PR_ITERAR bloque PR_HASTA . condicion ';'  (39)
	iteracion_invalida : PR_ITERAR bloque PR_HASTA . error ';'  (44)

	error  shift 116
	IDENTIFICADOR  shift 43
	ENTERO  shift 69
	ENTERO_LSS  shift 45
	FUERA_RANGO  shift 46
	'-'  shift 47
	.  error

	condicion  goto 117
	asignable  goto 48
	e  goto 87
	t  goto 50
	f  goto 51
	valor  goto 52


state 90
	iteracion_invalida : PR_ITERAR bloque condicion . ';'  (43)

	';'  shift 118
	.  error


state 91
	iteracion_invalida : PR_ITERAR $$8 PR_HASTA . condicion ';'  (42)

	IDENTIFICADOR  shift 43
	ENTERO  shift 69
	ENTERO_LSS  shift 45
	FUERA_RANGO  shift 46
	'-'  shift 47
	.  error

	condicion  goto 119
	asignable  goto 48
	e  goto 87
	t  goto 50
	f  goto 51
	valor  goto 52


state 92
	impresion_invalida : PR_IMPRIMIR '(' error . ')' ';'  (53)

	')'  shift 120
	.  error


state 93
	impresion : PR_IMPRIMIR '(' CADENA_MULTILINEA . ')' ';'  (45)
	impresion_invalida : PR_IMPRIMIR '(' CADENA_MULTILINEA . $$11 ';'  (52)
	$$11 : .  (51)

	')'  shift 121
	';'  reduce 51

	$$11  goto 122


state 94
	impresion_invalida : PR_IMPRIMIR '(' ')' . $$10 ';'  (50)
	$$10 : .  (49)

	.  reduce 49

	$$10  goto 123


state 95
	impresion_invalida : PR_IMPRIMIR $$9 CADENA_MULTILINEA . error ';'  (48)

	error  shift 124
	.  error


state 96
	asignacion_invalida : asignable ASIGNACION error ';' .  (57)

	.  reduce 57


state 97
	asignacion : asignable ASIGNACION e ';' .  (55)

	.  reduce 55


state 98
	declaracion_invalida : IDENTIFICADOR '[' error ']' $$1 . PR_VECTOR PR_DE tipo_dato ';'  (9)

	PR_VECTOR  shift 125
	.  error


state 99
	declaracion : IDENTIFICADOR '[' ENTERO PUNTO_PUNTO ENTERO . ']' PR_VECTOR PR_DE tipo_dato ';'  (5)
	declaracion_invalida : IDENTIFICADOR '[' ENTERO PUNTO_PUNTO ENTERO . ']' error ';'  (10)

	']'  shift 126
	.  error


state 100
	e : e '+' t .  (71)
	t : t . '*' f  (74)
	t : t . '/' f  (75)

	'*'  shift 79
	'/'  shift 80
	PR_ENTONCES  reduce 71
	COMP_MAYOR_IGUAL  reduce 71
	COMP_MENOR_IGUAL  reduce 71
	COMP_DISTINTO  reduce 71
	';'  reduce 71
	']'  reduce 71
	')'  reduce 71
	'>'  reduce 71
	'<'  reduce 71
	'='  reduce 71
	'+'  reduce 71
	'-'  reduce 71


state 101
	e : e '-' t .  (72)
	t : t . '*' f  (74)
	t : t . '/' f  (75)

	'*'  shift 79
	'/'  shift 80
	PR_ENTONCES  reduce 72
	COMP_MAYOR_IGUAL  reduce 72
	COMP_MENOR_IGUAL  reduce 72
	COMP_DISTINTO  reduce 72
	';'  reduce 72
	']'  reduce 72
	')'  reduce 72
	'>'  reduce 72
	'<'  reduce 72
	'='  reduce 72
	'+'  reduce 72
	'-'  reduce 72


state 102
	t : t '*' f .  (74)

	.  reduce 74


state 103
	t : t '/' f .  (75)

	.  reduce 75


state 104
	sent_declarativa : sent_declarativa . declaracion  (2)
	bloque : '{' declaracion $$12 sent_declarativa . sent_ejecutable '}'  (62)
	$$2 : .  (17)
	$$3 : .  (19)
	$$4 : .  (21)

	error  shift 3
	IDENTIFICADOR  shift 4
	PR_SINO  shift 5
	PR_ENTERO  shift 6
	PR_ENTERO_LSS  shift 7
	ASIGNACION  shift 8
	PR_SI  reduce 17
	PR_IMPRIMIR  reduce 21
	PR_ITERAR  reduce 19

	sent_ejecutable  goto 127
	declaracion  goto 10
	tipo_dato  goto 11
	declaracion_invalida  goto 12
	sentencia_valida  goto 13
	$$2  goto 14
	$$3  goto 15
	$$4  goto 16
	asignacion  goto 17
	asignable  goto 18
	asignacion_invalida  goto 19


state 105
	seleccion_invalida : PR_SI '(' error ')' . $$7 PR_ENTONCES bloque  (36)
	$$7 : .  (35)

	.  reduce 35

	$$7  goto 128


state 106
	seleccion : PR_SI '(' condicion ')' . PR_ENTONCES bloque  (28)
	seleccion : PR_SI '(' condicion ')' . PR_ENTONCES bloque PR_SINO bloque  (29)
	seleccion_invalida : PR_SI '(' condicion ')' . error bloque  (37)

	error  shift 129
	PR_ENTONCES  shift 130
	.  error


state 107
	seleccion_invalida : PR_SI '(' condicion $$6 . PR_ENTONCES bloque  (34)

	PR_ENTONCES  shift 131
	.  error


state 108
	comparador : COMP_MAYOR_IGUAL .  (66)

	.  reduce 66


state 109
	comparador : COMP_MENOR_IGUAL .  (68)

	.  reduce 68


state 110
	comparador : COMP_DISTINTO .  (70)

	.  reduce 70


state 111
	comparador : '>' .  (65)

	.  reduce 65


state 112
	comparador : '<' .  (67)

	.  reduce 67


state 113
	comparador : '=' .  (69)

	.  reduce 69


state 114
	condicion : e comparador . e  (64)

	IDENTIFICADOR  shift 43
	ENTERO  shift 69
	ENTERO_LSS  shift 45
	FUERA_RANGO  shift 46
	'-'  shift 47
	.  error

	asignable  goto 48
	e  goto 132
	t  goto 50
	f  goto 51
	valor  goto 52


state 115
	seleccion_invalida : PR_SI $$5 condicion ')' . PR_ENTONCES bloque  (32)

	PR_ENTONCES  shift 133
	.  error


state 116
	iteracion_invalida : PR_ITERAR bloque PR_HASTA error . ';'  (44)

	';'  shift 134
	.  error


state 117
	iteracion : PR_ITERAR bloque PR_HASTA condicion . ';'  (39)

	';'  shift 135
	.  error


state 118
	iteracion_invalida : PR_ITERAR bloque condicion ';' .  (43)

	.  reduce 43


state 119
	iteracion_invalida : PR_ITERAR $$8 PR_HASTA condicion . ';'  (42)

	';'  shift 136
	.  error


state 120
	impresion_invalida : PR_IMPRIMIR '(' error ')' . ';'  (53)

	';'  shift 137
	.  error


state 121
	impresion : PR_IMPRIMIR '(' CADENA_MULTILINEA ')' . ';'  (45)

	';'  shift 138
	.  error


state 122
	impresion_invalida : PR_IMPRIMIR '(' CADENA_MULTILINEA $$11 . ';'  (52)

	';'  shift 139
	.  error


state 123
	impresion_invalida : PR_IMPRIMIR '(' ')' $$10 . ';'  (50)

	';'  shift 140
	.  error


state 124
	impresion_invalida : PR_IMPRIMIR $$9 CADENA_MULTILINEA error . ';'  (48)

	';'  shift 141
	.  error


state 125
	declaracion_invalida : IDENTIFICADOR '[' error ']' $$1 PR_VECTOR . PR_DE tipo_dato ';'  (9)

	PR_DE  shift 142
	.  error


state 126
	declaracion : IDENTIFICADOR '[' ENTERO PUNTO_PUNTO ENTERO ']' . PR_VECTOR PR_DE tipo_dato ';'  (5)
	declaracion_invalida : IDENTIFICADOR '[' ENTERO PUNTO_PUNTO ENTERO ']' . error ';'  (10)

	error  shift 143
	PR_VECTOR  shift 144
	.  error


state 127
	sent_ejecutable : sent_ejecutable . sentencia  (16)
	bloque : '{' declaracion $$12 sent_declarativa sent_ejecutable . '}'  (62)
	$$2 : .  (17)
	$$3 : .  (19)
	$$4 : .  (21)

	error  shift 3
	IDENTIFICADOR  shift 4
	PR_SINO  shift 5
	PR_ENTERO  shift 6
	PR_ENTERO_LSS  shift 7
	ASIGNACION  shift 8
	'}'  shift 145
	PR_SI  reduce 17
	PR_IMPRIMIR  reduce 21
	PR_ITERAR  reduce 19

	declaracion  goto 23
	tipo_dato  goto 11
	declaracion_invalida  goto 12
	sentencia_valida  goto 24
	sentencia  goto 28
	$$2  goto 14
	$$3  goto 15
	$$4  goto 16
	asignacion  goto 17
	asignable  goto 18
	asignacion_invalida  goto 19


state 128
	seleccion_invalida : PR_SI '(' error ')' $$7 . PR_ENTONCES bloque  (36)

	PR_ENTONCES  shift 146
	.  error


state 129
	seleccion_invalida : PR_SI '(' condicion ')' error . bloque  (37)
	$$2 : .  (17)
	$$3 : .  (19)
	$$4 : .  (21)

	error  shift 3
	IDENTIFICADOR  shift 4
	PR_SINO  shift 5
	PR_ENTERO  shift 6
	PR_ENTERO_LSS  shift 7
	ASIGNACION  shift 8
	'{'  shift 22
	PR_SI  reduce 17
	PR_IMPRIMIR  reduce 21
	PR_ITERAR  reduce 19

	declaracion  goto 23
	tipo_dato  goto 11
	declaracion_invalida  goto 12
	sentencia_valida  goto 24
	sentencia  goto 25
	$$2  goto 14
	$$3  goto 15
	$$4  goto 16
	asignacion  goto 17
	bloque  goto 147
	asignable  goto 18
	asignacion_invalida  goto 19


state 130
	seleccion : PR_SI '(' condicion ')' PR_ENTONCES . bloque  (28)
	seleccion : PR_SI '(' condicion ')' PR_ENTONCES . bloque PR_SINO bloque  (29)
	$$2 : .  (17)
	$$3 : .  (19)
	$$4 : .  (21)

	error  shift 3
	IDENTIFICADOR  shift 4
	PR_SINO  shift 5
	PR_ENTERO  shift 6
	PR_ENTERO_LSS  shift 7
	ASIGNACION  shift 8
	'{'  shift 22
	PR_SI  reduce 17
	PR_IMPRIMIR  reduce 21
	PR_ITERAR  reduce 19

	declaracion  goto 23
	tipo_dato  goto 11
	declaracion_invalida  goto 12
	sentencia_valida  goto 24
	sentencia  goto 25
	$$2  goto 14
	$$3  goto 15
	$$4  goto 16
	asignacion  goto 17
	bloque  goto 148
	asignable  goto 18
	asignacion_invalida  goto 19


state 131
	seleccion_invalida : PR_SI '(' condicion $$6 PR_ENTONCES . bloque  (34)
	$$2 : .  (17)
	$$3 : .  (19)
	$$4 : .  (21)

	error  shift 3
	IDENTIFICADOR  shift 4
	PR_SINO  shift 5
	PR_ENTERO  shift 6
	PR_ENTERO_LSS  shift 7
	ASIGNACION  shift 8
	'{'  shift 22
	PR_SI  reduce 17
	PR_IMPRIMIR  reduce 21
	PR_ITERAR  reduce 19

	declaracion  goto 23
	tipo_dato  goto 11
	declaracion_invalida  goto 12
	sentencia_valida  goto 24
	sentencia  goto 25
	$$2  goto 14
	$$3  goto 15
	$$4  goto 16
	asignacion  goto 17
	bloque  goto 149
	asignable  goto 18
	asignacion_invalida  goto 19


state 132
	condicion : e comparador e .  (64)
	e : e . '+' t  (71)
	e : e . '-' t  (72)

	'+'  shift 77
	'-'  shift 78
	PR_ENTONCES  reduce 64
	';'  reduce 64
	')'  reduce 64


state 133
	seleccion_invalida : PR_SI $$5 condicion ')' PR_ENTONCES . bloque  (32)
	$$2 : .  (17)
	$$3 : .  (19)
	$$4 : .  (21)

	error  shift 3
	IDENTIFICADOR  shift 4
	PR_SINO  shift 5
	PR_ENTERO  shift 6
	PR_ENTERO_LSS  shift 7
	ASIGNACION  shift 8
	'{'  shift 22
	PR_SI  reduce 17
	PR_IMPRIMIR  reduce 21
	PR_ITERAR  reduce 19

	declaracion  goto 23
	tipo_dato  goto 11
	declaracion_invalida  goto 12
	sentencia_valida  goto 24
	sentencia  goto 25
	$$2  goto 14
	$$3  goto 15
	$$4  goto 16
	asignacion  goto 17
	bloque  goto 150
	asignable  goto 18
	asignacion_invalida  goto 19


state 134
	iteracion_invalida : PR_ITERAR bloque PR_HASTA error ';' .  (44)

	.  reduce 44


state 135
	iteracion : PR_ITERAR bloque PR_HASTA condicion ';' .  (39)

	.  reduce 39


state 136
	iteracion_invalida : PR_ITERAR $$8 PR_HASTA condicion ';' .  (42)

	.  reduce 42


state 137
	impresion_invalida : PR_IMPRIMIR '(' error ')' ';' .  (53)

	.  reduce 53


state 138
	impresion : PR_IMPRIMIR '(' CADENA_MULTILINEA ')' ';' .  (45)

	.  reduce 45


state 139
	impresion_invalida : PR_IMPRIMIR '(' CADENA_MULTILINEA $$11 ';' .  (52)

	.  reduce 52


state 140
	impresion_invalida : PR_IMPRIMIR '(' ')' $$10 ';' .  (50)

	.  reduce 50


state 141
	impresion_invalida : PR_IMPRIMIR $$9 CADENA_MULTILINEA error ';' .  (48)

	.  reduce 48


state 142
	declaracion_invalida : IDENTIFICADOR '[' error ']' $$1 PR_VECTOR PR_DE . tipo_dato ';'  (9)

	PR_ENTERO  shift 6
	PR_ENTERO_LSS  shift 7
	.  error

	tipo_dato  goto 151


state 143
	declaracion_invalida : IDENTIFICADOR '[' ENTERO PUNTO_PUNTO ENTERO ']' error . ';'  (10)

	';'  shift 152
	.  error


state 144
	declaracion : IDENTIFICADOR '[' ENTERO PUNTO_PUNTO ENTERO ']' PR_VECTOR . PR_DE tipo_dato ';'  (5)

	PR_DE  shift 153
	.  error


state 145
	bloque : '{' declaracion $$12 sent_declarativa sent_ejecutable '}' .  (62)

	.  reduce 62


state 146
	seleccion_invalida : PR_SI '(' error ')' $$7 PR_ENTONCES . bloque  (36)
	$$2 : .  (17)
	$$3 : .  (19)
	$$4 : .  (21)

	error  shift 3
	IDENTIFICADOR  shift 4
	PR_SINO  shift 5
	PR_ENTERO  shift 6
	PR_ENTERO_LSS  shift 7
	ASIGNACION  shift 8
	'{'  shift 22
	PR_SI  reduce 17
	PR_IMPRIMIR  reduce 21
	PR_ITERAR  reduce 19

	declaracion  goto 23
	tipo_dato  goto 11
	declaracion_invalida  goto 12
	sentencia_valida  goto 24
	sentencia  goto 25
	$$2  goto 14
	$$3  goto 15
	$$4  goto 16
	asignacion  goto 17
	bloque  goto 154
	asignable  goto 18
	asignacion_invalida  goto 19


state 147
	seleccion_invalida : PR_SI '(' condicion ')' error bloque .  (37)

	.  reduce 37


state 148
	seleccion : PR_SI '(' condicion ')' PR_ENTONCES bloque .  (28)
	seleccion : PR_SI '(' condicion ')' PR_ENTONCES bloque . PR_SINO bloque  (29)

	PR_SINO  shift 155
	$end  reduce 28
	error  reduce 28
	IDENTIFICADOR  reduce 28
	ENTERO  reduce 28
	ENTERO_LSS  reduce 28
	PR_SI  reduce 28
	PR_IMPRIMIR  reduce 28
	PR_ENTERO  reduce 28
	PR_ENTERO_LSS  reduce 28
	PR_ITERAR  reduce 28
	PR_HASTA  reduce 28
	ASIGNACION  reduce 28
	FUERA_RANGO  reduce 28
	'}'  reduce 28
	'-'  reduce 28


state 149
	seleccion_invalida : PR_SI '(' condicion $$6 PR_ENTONCES bloque .  (34)

	.  reduce 34


state 150
	seleccion_invalida : PR_SI $$5 condicion ')' PR_ENTONCES bloque .  (32)

	.  reduce 32


state 151
	declaracion_invalida : IDENTIFICADOR '[' error ']' $$1 PR_VECTOR PR_DE tipo_dato . ';'  (9)

	';'  shift 156
	.  error


state 152
	declaracion_invalida : IDENTIFICADOR '[' ENTERO PUNTO_PUNTO ENTERO ']' error ';' .  (10)

	.  reduce 10


state 153
	declaracion : IDENTIFICADOR '[' ENTERO PUNTO_PUNTO ENTERO ']' PR_VECTOR PR_DE . tipo_dato ';'  (5)

	PR_ENTERO  shift 6
	PR_ENTERO_LSS  shift 7
	.  error

	tipo_dato  goto 157


state 154
	seleccion_invalida : PR_SI '(' error ')' $$7 PR_ENTONCES bloque .  (36)

	.  reduce 36


state 155
	seleccion : PR_SI '(' condicion ')' PR_ENTONCES bloque PR_SINO . bloque  (29)
	$$2 : .  (17)
	$$3 : .  (19)
	$$4 : .  (21)

	error  shift 3
	IDENTIFICADOR  shift 4
	PR_SINO  shift 5
	PR_ENTERO  shift 6
	PR_ENTERO_LSS  shift 7
	ASIGNACION  shift 8
	'{'  shift 22
	PR_SI  reduce 17
	PR_IMPRIMIR  reduce 21
	PR_ITERAR  reduce 19

	declaracion  goto 23
	tipo_dato  goto 11
	declaracion_invalida  goto 12
	sentencia_valida  goto 24
	sentencia  goto 25
	$$2  goto 14
	$$3  goto 15
	$$4  goto 16
	asignacion  goto 17
	bloque  goto 158
	asignable  goto 18
	asignacion_invalida  goto 19


state 156
	declaracion_invalida : IDENTIFICADOR '[' error ']' $$1 PR_VECTOR PR_DE tipo_dato ';' .  (9)

	.  reduce 9


state 157
	declaracion : IDENTIFICADOR '[' ENTERO PUNTO_PUNTO ENTERO ']' PR_VECTOR PR_DE tipo_dato . ';'  (5)

	';'  shift 159
	.  error


state 158
	seleccion : PR_SI '(' condicion ')' PR_ENTONCES bloque PR_SINO bloque .  (29)

	.  reduce 29


state 159
	declaracion : IDENTIFICADOR '[' ENTERO PUNTO_PUNTO ENTERO ']' PR_VECTOR PR_DE tipo_dato ';' .  (5)

	.  reduce 5


38 terminals, 38 nonterminals
86 grammar rules, 160 states
